https://en.wikipedia.org/wiki/The_Son_of_Man Time: Sun Sep 20 23:59:03 2015 Code: 200 Size: 13.791 KB Content-Type : text/html; charset=UTF-8
http://applemanbicycles.com/ Time: Sun Sep 20 23:59:14 2015 Code: 200 Size: 10.817 KB Content-Type : text/html; charset=UTF-8
https://www.balglobal.com/ Time: Sun Sep 20 23:59:18 2015 Code: 200 Size: 12.77 KB Content-Type : text/html; charset=utf-8
https://en.wikipedia.org/wiki/Appleman Time: Sun Sep 20 23:59:20 2015 Code: 200 Size: 6.866 KB Content-Type : text/html; charset=UTF-8
http://www.applemantriathlon.com/ Time: Sun Sep 20 23:59:23 2015 Code: 200 Size: 8.891 KB Content-Type : text/html; charset=UTF-8
https://en.wikipedia.org/wiki/Apple Time: Sun Sep 20 23:59:29 2015 Code: 200 Size: 62.174 KB Content-Type : text/html; charset=UTF-8
https://en.wikipedia.org/wiki/Apple_Inc Time: Mon Sep 21 00:01:58 2015 Code: 200 Size: 134.269 KB Content-Type : text/html; charset=UTF-8
http://www.latimes.com/business/la-fi-apple-dow-att-20150307-story.html Time: Mon Sep 21 00:09:46 2015 Code: 200 Size: 16.142 KB Content-Type : text/html;charset=UTF-8
https://www.apple.com/ipad/specs/ Time: Mon Sep 21 00:09:57 2015 Code: 200 Size: 5.747 KB Content-Type : text/html; charset=UTF-8
http://www.ctvnews.ca/sci-tech/apple-ceo-gets-modest-2012-pay-after-huge-2011-1.1092906 Time: Mon Sep 21 00:11:09 2015 Code: 200 Size: 27.137 KB Content-Type : text/html;charset=utf-8
http://www.sciencedirect.com/ Time: Mon Sep 21 00:51:02 2015 Useragent is not allowed to fetch the url
http://www.sciencedirect.com/ Time: Mon Sep 21 00:55:33 2015 Useragent is not allowed to fetch the url
http://www.sciencedirect.com/ Time: Mon Sep 21 00:56:17 2015 Useragent is not allowed to fetch the url
http://www.sciencedirect.com/ Time: Mon Sep 21 00:58:17 2015 Useragent is not allowed to fetch the url
https://en.wikipedia.org/wiki/The_Son_of_Man Score Time: Mon Sep 21 00:59:16 2015 Code: 404
https://en.wikipedia.org/wiki/The_Son_of_Man Score Time: Mon Sep 21 00:59:20 2015 Code: 404
https://en.wikipedia.org/wiki/The_Son_of_Man Score Time: Mon Sep 21 00:59:36 2015 Code: 404
http://www.applemantriathlon.com Time: Mon Sep 21 01:00:11 2015 Code: 200 Size: 8.894 KB Content-Type : text/html; charset=UTF-8
http://www.applemantriathlon.com Time: Mon Sep 21 01:01:13 2015 Code: 200 Size: 8.896 KB Content-Type : text/html; charset=UTF-8
http://www.applemantriathlon.com Time: Mon Sep 21 01:02:29 2015 Code: 200 Size: 8.892 KB Content-Type : text/html; charset=UTF-8
http://www.applemantriathlon.com Time: Mon Sep 21 01:03:47 2015 Code: 200 Size: 8.895 KB Content-Type : text/html; charset=UTF-8
http://www.animalplanet.com/pets/dogs/ Time: Mon Sep 21 15:20:53 2015 Code: 200 Size: 281.041 KB Content-Type : text/html; charset=UTF-8
http://www.animalplanet.com/pets/dogs/ Time: Mon Sep 21 15:21:25 2015 Code: 200 Size: 281.041 KB Content-Type : text/html; charset=UTF-8
http://www.animalplanet.com/pets/dogs/ Time: Mon Sep 21 15:21:45 2015 Code: 200 Size: 281.041 KB Content-Type : text/html; charset=UTF-8
http://www.animalplanet.com/pets/dogs/ Time: Mon Sep 21 15:22:11 2015 Useragent is not allowed to fetch the url
http://www.animalplanet.com/pets/dogs/ Time: Mon Sep 21 15:22:17 2015 Code: 200 Size: 281.041 KB Content-Type : text/html; charset=UTF-8
http://www.animalplanet.com/pets/dogs/ Time: Mon Sep 21 15:27:41 2015 Code: 200 Size: 281.041 KB Content-Type : text/html; charset=UTF-8
http://www.applemantriathlon.com Time: Mon Sep 21 15:53:05 2015 Useragent is not allowed to fetch the url
https://www.facebook.com Time: Mon Sep 21 15:54:26 2015 Useragent is not allowed to fetch the url
https://www.facebook.com Time: Mon Sep 21 15:54:31 2015 Useragent is not allowed to fetch the url
https://www.facebook.com Time: Mon Sep 21 15:54:33 2015 Useragent is not allowed to fetch the url
https://www.facebook.com Time: Mon Sep 21 15:54:35 2015 Useragent is not allowed to fetch the url
https://www.facebook.com Time: Mon Sep 21 15:54:36 2015 Useragent is not allowed to fetch the url
https://www.facebook.com Time: Mon Sep 21 15:54:37 2015 Useragent is not allowed to fetch the url
http://www.animalplanet.com/pets/dogs/ Time: Mon Sep 21 15:55:23 2015 Useragent is not allowed to fetch the url
http://www.animalplanet.com/pets/dogs/ Time: Mon Sep 21 15:55:58 2015 Useragent is not allowed to fetch the url
http://www.animalplanet.com/pets/dogs/ Time: Mon Sep 21 15:56:16 2015 Useragent is not allowed to fetch the url
http://www.animalplanet.com/pets/dogs/ Time: Mon Sep 21 15:56:26 2015 Useragent is not allowed to fetch the url
http://www.animalplanet.com/pets/dogs/ Time: Mon Sep 21 15:56:48 2015 Useragent is not allowed to fetch the url
http://www.animalplanet.com/pets/dogs/ Time: Mon Sep 21 15:58:20 2015 Useragent is not allowed to fetch the url
http://www.animalplanet.com/pets/dogs/ Time: Mon Sep 21 15:58:32 2015 Useragent is not allowed to fetch the url
http://www.animalplanet.com/pets/dogs/ Time: Mon Sep 21 15:58:37 2015 Useragent is not allowed to fetch the url
http://www.animalplanet.com/pets/dogs/ Time: Mon Sep 21 15:58:58 2015 Useragent is not allowed to fetch the url
http://www.animalplanet.com/pets/dogs/ Time: Mon Sep 21 15:59:03 2015 Useragent is not allowed to fetch the url
http://www.animalplanet.com/pets/dogs/ Time: Mon Sep 21 16:03:57 2015 Useragent is not allowed to fetch the url
http://www.animalplanet.com/pets/dogs/ Time: Mon Sep 21 16:06:00 2015 Useragent is not allowed to fetch the url
http://www.animalplanet.com/pets/dogs/ Time: Mon Sep 21 16:08:58 2015 Useragent is not allowed to fetch the url
http://www.google.com Time: Mon Sep 21 16:10:56 2015 Useragent is not allowed to fetch the url
http://www.google.com Time: Mon Sep 21 16:11:03 2015 Useragent is not allowed to fetch the url
http://www.coddicted.com Time: Mon Sep 21 16:11:35 2015 Code: 200 Size: 37.908 KB Content-Type : text/html; charset=UTF-8
http://www.coddicted.com Time: Mon Sep 21 16:13:10 2015 Useragent is not allowed to fetch the url
http://www.coddicted.com Time: Mon Sep 21 16:13:51 2015 Useragent is not allowed to fetch the url
http://www.coddicted.com Time: Mon Sep 21 16:14:29 2015 Useragent is not allowed to fetch the url
http://www.coddicted.com Time: Mon Sep 21 16:15:35 2015 Useragent is not allowed to fetch the url
http://www.coddicted.com Time: Mon Sep 21 16:15:41 2015 Useragent is not allowed to fetch the url
http://www.coddicted.com Time: Mon Sep 21 16:15:47 2015 Code: 200 Size: 37.763 KB Content-Type : text/html; charset=UTF-8
http://www.coddicted.com Time: Mon Sep 21 16:18:34 2015 Code: 200 Size: 37.793 KB Content-Type : text/html; charset=UTF-8
http://www.coddicted.com Time: Mon Sep 21 16:19:36 2015 Useragent is not allowed to fetch the url
http://www.coddicted.com Time: Mon Sep 21 16:19:54 2015 Code: 200 Size: 37.927 KB Content-Type : text/html; charset=UTF-8
http://nickelodeon.wikia.com/wiki/CatDog Time: Mon Sep 21 16:21:29 2015 Code: 200 Size: 95.516 KB Content-Type : text/html; charset=utf-8
http://nickelodeon.wikia.com/wiki/Cat Time: Mon Sep 21 16:21:38 2015 Useragent is not allowed to fetch the url
http://comicshub.wikia.com/wiki/Comics_Hub Time: Mon Sep 21 16:21:46 2015 Code: 200 Size: 110.46 KB Content-Type : text/html; charset=utf-8
http://movieshub.wikia.com/wiki/Movies_Hub Time: Mon Sep 21 16:21:49 2015 Code: 200 Size: 116.001 KB Content-Type : text/html; charset=utf-8
http://www.wikia.com/Video_Games Time: Mon Sep 21 16:22:02 2015 Code: 200 Size: 108.753 KB Content-Type : text/html; charset=utf-8
http://lifestylehub.wikia.com/wiki/Lifestyle_Hub Time: Mon Sep 21 16:22:11 2015 Code: 200 Size: 103.274 KB Content-Type : text/html; charset=utf-8
http://movieshub.wikia.com/wiki/Movies_Hub Time: Mon Sep 21 16:22:12 2015 Code: 200 Size: 116.001 KB Content-Type : text/html; charset=utf-8
http://lifestylehub.wikia.com/wiki/Lifestyle_Hub Time: Mon Sep 21 16:22:19 2015 Code: 200 Size: 103.274 KB Content-Type : text/html; charset=utf-8
http://www.wikia.com/Video_Games Time: Mon Sep 21 16:22:29 2015 Useragent is not allowed to fetch the url
http://movieshub.wikia.com/wiki/Movies_Hub Time: Mon Sep 21 16:22:40 2015 Code: 200 Size: 116.001 KB Content-Type : text/html; charset=utf-8
http://gameshub.wikia.com/wiki/Games_Hub Time: Mon Sep 21 16:22:44 2015 Code: 200 Size: 108.753 KB Content-Type : text/html; charset=utf-8
http://wikia.com/Licensing Time: Mon Sep 21 16:22:44 2015 Useragent is not allowed to fetch the url
http://api.wikia.com/ Time: Mon Sep 21 16:22:49 2015 Useragent is not allowed to fetch the url
http://gameshub.wikia.com/wiki/Games_Hub Time: Mon Sep 21 16:22:53 2015 Code: 200 Size: 108.753 KB Content-Type : text/html; charset=utf-8
http://community.wikia.com Time: Mon Sep 21 16:22:54 2015 Code: 200 Size: 100.147 KB Content-Type : text/html; charset=utf-8
http://community.wikia.com/wiki/Help:Contents Time: Mon Sep 21 16:23:01 2015 Code: 200 Size: 68.035 KB Content-Type : text/html; charset=utf-8
http://tvhub.wikia.com/wiki/TV_Hub Time: Mon Sep 21 16:23:06 2015 Code: 200 Size: 108.678 KB Content-Type : text/html; charset=utf-8
http://tvhub.wikia.com/wiki/TV_Hub Time: Mon Sep 21 16:23:13 2015 Code: 200 Size: 108.678 KB Content-Type : text/html; charset=utf-8
http://tvhub.wikia.com/wiki/TV_Hub Time: Mon Sep 21 16:23:17 2015 Code: 200 Size: 108.678 KB Content-Type : text/html; charset=utf-8
http://tvhub.wikia.com/wiki/TV_Hub Time: Mon Sep 21 16:23:21 2015 Code: 200 Size: 108.678 KB Content-Type : text/html; charset=utf-8
http://tvhub.wikia.com/wiki/TV_Hub Time: Mon Sep 21 16:23:30 2015 Useragent is not allowed to fetch the url
http://community.wikia.com/wiki/Special:RandomWiki/339 Time: Mon Sep 21 16:23:34 2015 Useragent is not allowed to fetch the url
http://de.nickelodeon.wikia.com/wiki/CatDog Time: Mon Sep 21 16:23:39 2015 Useragent is not allowed to fetch the url
http://bookshub.wikia.com/wiki/Books_Hub Time: Mon Sep 21 16:23:53 2015 Code: 200 Size: 106.776 KB Content-Type : text/html; charset=utf-8
http://bookshub.wikia.com/wiki/Books_Hub Time: Mon Sep 21 16:23:58 2015 Code: 200 Size: 106.776 KB Content-Type : text/html; charset=utf-8
https://bnc.lt/m/FLD7YNszym Time: Mon Sep 21 16:24:02 2015 Code: 200 Size: 5.17 KB Content-Type : text/html; charset=utf-8
http://bookshub.wikia.com/wiki/Books_Hub Time: Mon Sep 21 16:24:24 2015 Code: 200 Size: 106.776 KB Content-Type : text/html; charset=utf-8
https://bnc.lt/m/wTGHJcPyym Time: Mon Sep 21 16:24:27 2015 Code: 200 Size: 5.116 KB Content-Type : text/html; charset=utf-8
https://bnc.lt/m/hePJVSxyym Time: Mon Sep 21 16:24:39 2015 Code: 200 Size: 5.242 KB Content-Type : text/html; charset=utf-8
http://musichub.wikia.com/wiki/Music_Hub Time: Mon Sep 21 16:24:43 2015 Code: 200 Size: 97.159 KB Content-Type : text/html; charset=utf-8
http://ow.ly/RXdNT Time: Mon Sep 21 16:24:45 2015 Code: 200 Size: 90.66 KB Content-Type : text/html; charset=utf-8
http://ow.ly/RXdRm Time: Mon Sep 21 16:24:53 2015 Useragent is not allowed to fetch the url
http://musichub.wikia.com/wiki/Music_Hub Time: Mon Sep 21 16:24:57 2015 Useragent is not allowed to fetch the url
http://comicshub.wikia.com/wiki/Comics_Hub Time: Mon Sep 21 16:25:02 2015 Useragent is not allowed to fetch the url
http://movieshub.wikia.com/wiki/Movies_Hub Time: Mon Sep 21 16:25:19 2015 Code: 200 Size: 116.001 KB Content-Type : text/html; charset=utf-8
http://lifestylehub.wikia.com/wiki/Lifestyle_Hub Time: Mon Sep 21 16:25:20 2015 Code: 200 Size: 103.274 KB Content-Type : text/html; charset=utf-8
http://gameshub.wikia.com/wiki/Games_Hub Time: Mon Sep 21 16:25:23 2015 Code: 200 Size: 108.755 KB Content-Type : text/html; charset=utf-8
http://gameshub.wikia.com/wiki/File:Chronos_Game_Trailer Time: Mon Sep 21 16:25:24 2015 Useragent is not allowed to fetch the url
http://steven-universe.wikia.com/wiki/Thread:231243 Time: Mon Sep 21 16:25:28 2015 Code: 200 Size: 784.077 KB Content-Type : text/html; charset=utf-8
http://steven-universe.wikia.com/wiki/Cookie_Cat Time: Mon Sep 21 16:25:32 2015 Code: 200 Size: 103.864 KB Content-Type : text/html; charset=utf-8
http://steven-universe.wikia.com/wiki/Topic:Cookie_Cat?openEditor=1 Time: Mon Sep 21 16:26:05 2015 Code: 200 Size: 79.568 KB Content-Type : text/html; charset=utf-8
http://steven-universe.wikia.com/wiki/Thread:266227 Time: Mon Sep 21 16:26:19 2015 Code: 200 Size: 78.596 KB Content-Type : text/html; charset=utf-8
http://steven-universe.wikia.com/wiki/Thread:104478 Time: Mon Sep 21 16:26:27 2015 Code: 200 Size: 101.347 KB Content-Type : text/html; charset=utf-8
http://steven-universe.wikia.com/wiki/Topic:Cookie_Cat Time: Mon Sep 21 16:26:32 2015 Code: 200 Size: 79.507 KB Content-Type : text/html; charset=utf-8
http://steven-universe.wikia.com/wiki/Cookie_Cat?oldid=538615 Time: Mon Sep 21 16:26:46 2015 Useragent is not allowed to fetch the url
http://de.steven-universe.wikia.com/wiki/Katzenhappen Time: Mon Sep 21 16:26:50 2015 Code: 200 Size: 73.318 KB Content-Type : text/html; charset=utf-8
http://de.steven-universe.wikia.com/wiki/Datei:Steven_Universe_-_Cookie_Cat_Jingle_-_German_-_Deutsch Time: Mon Sep 21 16:26:52 2015 Code: 200 Size: 62.525 KB Content-Type : text/html; charset=utf-8
http://de.steven-universe.wikia.com/wiki/Datei:Steven_Universe_-_Cookie_Cat_Jingle_-_German_-_Deutsch#WikiaArticle Time: Mon Sep 21 16:27:07 2015 Useragent is not allowed to fetch the url
http://vignette1.wikia.nocookie.net/steven-universe/images/1/11/Steven_Universe_-_Cookie_Cat_Jingle_-_German_-_Deutsch/revision/latest?cb=20150812102957&path-prefix=de Time: Mon Sep 21 16:27:11 2015 Code: 200 Size: 24.056 KB Content-Type : image/jpeg
http://ru.steven-universe.wikia.com/wiki/Котики Time: Mon Sep 21 16:27:12 2015 Code: 200 Size: 99.486 KB Content-Type : text/html; charset=utf-8
http://ru.steven-universe.wikia.com/wiki/Cookie_Cat Time: Mon Sep 21 16:27:15 2015 Code: 200 Size: 103.382 KB Content-Type : text/html; charset=utf-8
http://ru.steven-universe.wikia.com/wiki/Файл:How_to_make_COOKIE_CAT_from_Steven_Universe,_Feast_of_Fiction_S4_Ep5 Time: Mon Sep 21 16:27:27 2015 Code: 200 Size: 99.165 KB Content-Type : text/html; charset=utf-8
