Rank :1 URL :http://www.food.com/ Score :9223372036854775807 Download Path :5adae86d9f7326c5ceb4336ecc98fecef0cce2126822ffe4770f4017//index.html
Rank :2 URL :http://www.huffingtonpost.com/taste/ Score :9223372036854775807 Download Path :5da20bd0441a058938be6b3ca0a885a65f5e8241ce5510ac6ed8bf8b/taste//index.html
Rank :3 URL :http://www.foodnetwork.com/ Score :9223372036854775807 Download Path :aa1b156fd387095d1d0f9a9e88959d7fff83fc2c014f22b2fd25f13d//index.html
Rank :4 URL :http://www.food.com/slideshow/creative-simple-chicken-dinner-recipes-308 Score :17.7708818234 Download Path :5adae86d9f7326c5ceb4336ecc98fecef0cce2126822ffe4770f4017/slideshow/creative-simple-chicken-dinner-recipes-308/index.html
Rank :5 URL :http://www.food.com/login?DEST_URL= Score :17.7708818234 Download Path :5adae86d9f7326c5ceb4336ecc98fecef0cce2126822ffe4770f4017/login/index.html
Rank :6 URL :http://share.food.com/redirectors/logout_redirector.jsp?DEST_URL= Score :17.7708818234 Download Path :7429abd2ee0fe3ecc4d123e2057fabd5449270fef10045756fc99ab0/redirectors/logout_redirector.jsp/index.html
Rank :7 URL :http://www.huffingtonpost.com/2015/09/16/terrifying-sea-food-pictures_n_8148356.html?utm_hp_ref=taste&ir=Taste#comments Score :17.7708818234 Download Path :5da20bd0441a058938be6b3ca0a885a65f5e8241ce5510ac6ed8bf8b/2015/09/16/terrifying-sea-food-pictures_n_8148356.html/index.html
Rank :8 URL :http://www.food.com/slideshow/creative-simple-chicken-dinner-recipes-308 Score :17.7708818234 Download Path :5adae86d9f7326c5ceb4336ecc98fecef0cce2126822ffe4770f4017/slideshow/creative-simple-chicken-dinner-recipes-308/index.html
Rank :9 URL :http://huffingtonpost.com/news/weird-food Score :17.7708818234 Download Path :c37ce130ba6ac436e466ea59a38a3979b91c47ac2d6326b5db1c9915/news/weird-food/index.html
Rank :10 URL :http://www.food.com/slideshow/creative-simple-chicken-dinner-recipes-308#top Score :17.7708818234 Download Path :5adae86d9f7326c5ceb4336ecc98fecef0cce2126822ffe4770f4017/slideshow/creative-simple-chicken-dinner-recipes-308/index.html
Rank :11 URL :http://www.food.com/how-to Score :17.7708818234 Download Path :5adae86d9f7326c5ceb4336ecc98fecef0cce2126822ffe4770f4017/how-to/index.html
Rank :12 URL :http://www.food.com/upload/recipe Score :17.7708818234 Download Path :5adae86d9f7326c5ceb4336ecc98fecef0cce2126822ffe4770f4017/upload/recipe/index.html
Rank :13 URL :http://www.food.com/slideshow/creative-simple-chicken-dinner-recipes-308/baked-cheddar-garlic-chicken-breasts-2 Score :17.7708818234 Download Path :5adae86d9f7326c5ceb4336ecc98fecef0cce2126822ffe4770f4017/slideshow/creative-simple-chicken-dinner-recipes-308/baked-cheddar-garlic-chicken-breasts-2/index.html
Rank :14 URL :http://www.food.com/slideshow/creative-simple-chicken-dinner-recipes-308 Score :17.7708818234 Download Path :5adae86d9f7326c5ceb4336ecc98fecef0cce2126822ffe4770f4017/slideshow/creative-simple-chicken-dinner-recipes-308/index.html
Rank :15 URL :http://www.food.com/slideshow/creative-simple-chicken-dinner-recipes-308 Score :17.7708818234 Download Path :5adae86d9f7326c5ceb4336ecc98fecef0cce2126822ffe4770f4017/slideshow/creative-simple-chicken-dinner-recipes-308/index.html
Rank :16 URL :http://www.food.com/slideshow/creative-simple-chicken-dinner-recipes-308 Score :17.7708818234 Download Path :5adae86d9f7326c5ceb4336ecc98fecef0cce2126822ffe4770f4017/slideshow/creative-simple-chicken-dinner-recipes-308/index.html
Rank :17 URL :http://www.food.com/slideshow/creative-simple-chicken-dinner-recipes-308 Score :17.7708818234 Download Path :5adae86d9f7326c5ceb4336ecc98fecef0cce2126822ffe4770f4017/slideshow/creative-simple-chicken-dinner-recipes-308/index.html
Rank :18 URL :http://www.huffingtonpost.com/news/weird-food/?m=true Score :17.7708818234 Download Path :5da20bd0441a058938be6b3ca0a885a65f5e8241ce5510ac6ed8bf8b/news/weird-food//index.html
Rank :19 URL :http://www.food.com/slideshow/creative-simple-chicken-dinner-recipes-308 Score :17.7708818234 Download Path :5adae86d9f7326c5ceb4336ecc98fecef0cce2126822ffe4770f4017/slideshow/creative-simple-chicken-dinner-recipes-308/index.html
Rank :20 URL :http://www.food.com/slideshow/creative-simple-chicken-dinner-recipes-308/baked-cheddar-garlic-chicken-breasts-2 Score :17.7708818234 Download Path :5adae86d9f7326c5ceb4336ecc98fecef0cce2126822ffe4770f4017/slideshow/creative-simple-chicken-dinner-recipes-308/baked-cheddar-garlic-chicken-breasts-2/index.html
Rank :21 URL :http://www.food.com/recipe/baked-pesto-chicken-23425 Score :17.7708818234 Download Path :5adae86d9f7326c5ceb4336ecc98fecef0cce2126822ffe4770f4017/recipe/baked-pesto-chicken-23425/index.html
Rank :22 URL :http://www.food.com/user/3288 Score :17.7708818234 Download Path :5adae86d9f7326c5ceb4336ecc98fecef0cce2126822ffe4770f4017/user/3288/index.html
Rank :23 URL :http://www.food.com/user/1802849661 Score :17.7708818234 Download Path :5adae86d9f7326c5ceb4336ecc98fecef0cce2126822ffe4770f4017/user/1802849661/index.html
Rank :24 URL :http://www.food.com/user/settings Score :17.7708818234 Download Path :5adae86d9f7326c5ceb4336ecc98fecef0cce2126822ffe4770f4017/user/settings/index.html
Rank :25 URL :http://www.food.com/quick-and-easy-dinners/home/package Score :17.7708818234 Download Path :5adae86d9f7326c5ceb4336ecc98fecef0cce2126822ffe4770f4017/quick-and-easy-dinners/home/package/index.html
Rank :26 URL :http://www.food.com/slideshow/30-ways-to-say-no-to-boring-chicken-breasts-308/more-quick-easy-dinners-31 Score :17.7708818234 Download Path :5adae86d9f7326c5ceb4336ecc98fecef0cce2126822ffe4770f4017/slideshow/30-ways-to-say-no-to-boring-chicken-breasts-308/more-quick-easy-dinners-31/index.html
Rank :27 URL :http://www.food.com/slideshow/creative-simple-chicken-dinner-recipes-308 Score :17.7708818234 Download Path :5adae86d9f7326c5ceb4336ecc98fecef0cce2126822ffe4770f4017/slideshow/creative-simple-chicken-dinner-recipes-308/index.html
Rank :28 URL :http://www.food.com/photo-gallery Score :17.7708818234 Download Path :5adae86d9f7326c5ceb4336ecc98fecef0cce2126822ffe4770f4017/photo-gallery/index.html
Rank :29 URL :http://www.food.com/recipe/baked-pesto-chicken-23425 Score :17.7708818234 Download Path :5adae86d9f7326c5ceb4336ecc98fecef0cce2126822ffe4770f4017/recipe/baked-pesto-chicken-23425/index.html
Rank :30 URL :http://share.food.com/redirectors/logout_redirector.jsp?DEST_URL= Score :17.7708818234 Download Path :7429abd2ee0fe3ecc4d123e2057fabd5449270fef10045756fc99ab0/redirectors/logout_redirector.jsp/index.html



 Total Links Found :3477
 Total Request Made :43
 Total Request Failed :1
 Total Request Failed Due to Robot :1
 Saved Content Size :2221.0 KB
 Total Time :39.8552761078 seconds.
Rank :1 URL :http://indian.food.com/ Score :9223372036854775807 Download Path :1f39fb079d5b87e7a9e2f75afaca51aeaac090c9c8d9a786f7e9d00b//index.html
Rank :2 URL :http://allrecipes.com/recipes/233/world-cuisine/asian/indian/ Score :9223372036854775807 Download Path :346c7902dbed3fccdfea2e4b13d32691680095d723e90a417428ade1/recipes/233/world-cuisine/asian/indian//index.html
Rank :3 URL :http://www.foodnetwork.com/topics/indian.html Score :9223372036854775807 Download Path :aa1b156fd387095d1d0f9a9e88959d7fff83fc2c014f22b2fd25f13d/topics/indian.html/index.html
Rank :4 URL :http://indian.food.com/quick-and-easy Score :24.7569844066 Download Path :1f39fb079d5b87e7a9e2f75afaca51aeaac090c9c8d9a786f7e9d00b/quick-and-easy/index.html
Rank :5 URL :http://indian.food.com/healthy Score :24.7569844066 Download Path :1f39fb079d5b87e7a9e2f75afaca51aeaac090c9c8d9a786f7e9d00b/healthy/index.html
Rank :6 URL :http://indian.food.com/popular Score :24.7569844066 Download Path :1f39fb079d5b87e7a9e2f75afaca51aeaac090c9c8d9a786f7e9d00b/popular/index.html
Rank :7 URL :http://indian.food.com/quick-and-easy Score :24.7569844066 Download Path :1f39fb079d5b87e7a9e2f75afaca51aeaac090c9c8d9a786f7e9d00b/quick-and-easy/index.html
Rank :8 URL :http://indian.food.com/healthy#top Score :24.755656132 Download Path :1f39fb079d5b87e7a9e2f75afaca51aeaac090c9c8d9a786f7e9d00b/healthy/index.html
Rank :9 URL :http://indian.food.com/healthy#top Score :24.755656132 Download Path :1f39fb079d5b87e7a9e2f75afaca51aeaac090c9c8d9a786f7e9d00b/healthy/index.html
Rank :10 URL :http://indian.food.com/healthy Score :24.755656132 Download Path :1f39fb079d5b87e7a9e2f75afaca51aeaac090c9c8d9a786f7e9d00b/healthy/index.html
Rank :11 URL :http://indian.food.com/healthy Score :24.755656132 Download Path :1f39fb079d5b87e7a9e2f75afaca51aeaac090c9c8d9a786f7e9d00b/healthy/index.html
Rank :12 URL :http://indian.food.com/healthy Score :24.755656132 Download Path :1f39fb079d5b87e7a9e2f75afaca51aeaac090c9c8d9a786f7e9d00b/healthy/index.html
Rank :13 URL :http://indian.food.com/healthy Score :24.755656132 Download Path :1f39fb079d5b87e7a9e2f75afaca51aeaac090c9c8d9a786f7e9d00b/healthy/index.html
Rank :14 URL :http://indian.food.com/healthy Score :24.755656132 Download Path :1f39fb079d5b87e7a9e2f75afaca51aeaac090c9c8d9a786f7e9d00b/healthy/index.html
Rank :15 URL :http://indian.food.com/popular Score :24.755656132 Download Path :1f39fb079d5b87e7a9e2f75afaca51aeaac090c9c8d9a786f7e9d00b/popular/index.html
Rank :16 URL :http://indian.food.com/quick-and-easy Score :24.755656132 Download Path :1f39fb079d5b87e7a9e2f75afaca51aeaac090c9c8d9a786f7e9d00b/quick-and-easy/index.html
Rank :17 URL :http://indian.food.com/healthy Score :24.755656132 Download Path :1f39fb079d5b87e7a9e2f75afaca51aeaac090c9c8d9a786f7e9d00b/healthy/index.html
Rank :18 URL :http://indian.food.com/healthy Score :24.755656132 Download Path :1f39fb079d5b87e7a9e2f75afaca51aeaac090c9c8d9a786f7e9d00b/healthy/index.html
Rank :19 URL :http://indian.food.com/healthy Score :24.755656132 Download Path :1f39fb079d5b87e7a9e2f75afaca51aeaac090c9c8d9a786f7e9d00b/healthy/index.html
Rank :20 URL :http://indian.food.com/healthy#top Score :24.755656132 Download Path :1f39fb079d5b87e7a9e2f75afaca51aeaac090c9c8d9a786f7e9d00b/healthy/index.html
Rank :21 URL :http://indian.food.com/healthy Score :24.755656132 Download Path :1f39fb079d5b87e7a9e2f75afaca51aeaac090c9c8d9a786f7e9d00b/healthy/index.html
Rank :22 URL :http://indian.food.com/healthy#top Score :24.755656132 Download Path :1f39fb079d5b87e7a9e2f75afaca51aeaac090c9c8d9a786f7e9d00b/healthy/index.html
Rank :23 URL :http://indian.food.com/popular Score :24.755656132 Download Path :1f39fb079d5b87e7a9e2f75afaca51aeaac090c9c8d9a786f7e9d00b/popular/index.html
Rank :24 URL :http://indian.food.com/quick-and-easy Score :24.755656132 Download Path :1f39fb079d5b87e7a9e2f75afaca51aeaac090c9c8d9a786f7e9d00b/quick-and-easy/index.html
Rank :25 URL :http://indian.food.com/healthy Score :24.755656132 Download Path :1f39fb079d5b87e7a9e2f75afaca51aeaac090c9c8d9a786f7e9d00b/healthy/index.html
Rank :26 URL :http://indian.food.com/healthy Score :24.755656132 Download Path :1f39fb079d5b87e7a9e2f75afaca51aeaac090c9c8d9a786f7e9d00b/healthy/index.html
Rank :27 URL :http://indian.food.com/healthy Score :24.755656132 Download Path :1f39fb079d5b87e7a9e2f75afaca51aeaac090c9c8d9a786f7e9d00b/healthy/index.html
Rank :28 URL :http://indian.food.com/healthy Score :24.755656132 Download Path :1f39fb079d5b87e7a9e2f75afaca51aeaac090c9c8d9a786f7e9d00b/healthy/index.html
Rank :29 URL :http://indian.food.com/healthy Score :24.755656132 Download Path :1f39fb079d5b87e7a9e2f75afaca51aeaac090c9c8d9a786f7e9d00b/healthy/index.html
Rank :30 URL :http://indian.food.com/healthy Score :24.755656132 Download Path :1f39fb079d5b87e7a9e2f75afaca51aeaac090c9c8d9a786f7e9d00b/healthy/index.html
Rank :31 URL :http://indian.food.com/healthy Score :24.755656132 Download Path :1f39fb079d5b87e7a9e2f75afaca51aeaac090c9c8d9a786f7e9d00b/healthy/index.html
Rank :32 URL :http://indian.food.com/healthy Score :24.755656132 Download Path :1f39fb079d5b87e7a9e2f75afaca51aeaac090c9c8d9a786f7e9d00b/healthy/index.html
Rank :33 URL :http://indian.food.com/healthy Score :24.755656132 Download Path :1f39fb079d5b87e7a9e2f75afaca51aeaac090c9c8d9a786f7e9d00b/healthy/index.html
Rank :34 URL :http://indian.food.com/healthy Score :24.755656132 Download Path :1f39fb079d5b87e7a9e2f75afaca51aeaac090c9c8d9a786f7e9d00b/healthy/index.html
Rank :35 URL :http://indian.food.com/healthy Score :24.755656132 Download Path :1f39fb079d5b87e7a9e2f75afaca51aeaac090c9c8d9a786f7e9d00b/healthy/index.html
Rank :36 URL :http://indian.food.com/healthy Score :24.755656132 Download Path :1f39fb079d5b87e7a9e2f75afaca51aeaac090c9c8d9a786f7e9d00b/healthy/index.html
Rank :37 URL :http://indian.food.com/quick-and-easy Score :24.755656132 Download Path :1f39fb079d5b87e7a9e2f75afaca51aeaac090c9c8d9a786f7e9d00b/quick-and-easy/index.html
Rank :38 URL :http://indian.food.com/healthy Score :24.755656132 Download Path :1f39fb079d5b87e7a9e2f75afaca51aeaac090c9c8d9a786f7e9d00b/healthy/index.html
Rank :39 URL :http://indian.food.com/healthy Score :24.755656132 Download Path :1f39fb079d5b87e7a9e2f75afaca51aeaac090c9c8d9a786f7e9d00b/healthy/index.html
Rank :40 URL :http://indian.food.com/healthy Score :24.755656132 Download Path :1f39fb079d5b87e7a9e2f75afaca51aeaac090c9c8d9a786f7e9d00b/healthy/index.html
Rank :41 URL :http://indian.food.com/healthy Score :24.755656132 Download Path :1f39fb079d5b87e7a9e2f75afaca51aeaac090c9c8d9a786f7e9d00b/healthy/index.html
Rank :42 URL :http://indian.food.com/healthy Score :24.755656132 Download Path :1f39fb079d5b87e7a9e2f75afaca51aeaac090c9c8d9a786f7e9d00b/healthy/index.html
Rank :43 URL :http://indian.food.com/healthy#top Score :24.755656132 Download Path :1f39fb079d5b87e7a9e2f75afaca51aeaac090c9c8d9a786f7e9d00b/healthy/index.html
Rank :44 URL :http://indian.food.com/healthy Score :24.755656132 Download Path :1f39fb079d5b87e7a9e2f75afaca51aeaac090c9c8d9a786f7e9d00b/healthy/index.html
Rank :45 URL :http://indian.food.com/healthy Score :24.755656132 Download Path :1f39fb079d5b87e7a9e2f75afaca51aeaac090c9c8d9a786f7e9d00b/healthy/index.html
Rank :46 URL :http://indian.food.com/healthy Score :24.755656132 Download Path :1f39fb079d5b87e7a9e2f75afaca51aeaac090c9c8d9a786f7e9d00b/healthy/index.html
Rank :47 URL :http://indian.food.com/healthy Score :24.755656132 Download Path :1f39fb079d5b87e7a9e2f75afaca51aeaac090c9c8d9a786f7e9d00b/healthy/index.html
Rank :48 URL :http://indian.food.com/healthy Score :24.755656132 Download Path :1f39fb079d5b87e7a9e2f75afaca51aeaac090c9c8d9a786f7e9d00b/healthy/index.html
Rank :49 URL :http://indian.food.com/healthy Score :24.755656132 Download Path :1f39fb079d5b87e7a9e2f75afaca51aeaac090c9c8d9a786f7e9d00b/healthy/index.html
Rank :50 URL :http://indian.food.com/healthy Score :24.755656132 Download Path :1f39fb079d5b87e7a9e2f75afaca51aeaac090c9c8d9a786f7e9d00b/healthy/index.html
Rank :51 URL :http://indian.food.com/healthy Score :24.755656132 Download Path :1f39fb079d5b87e7a9e2f75afaca51aeaac090c9c8d9a786f7e9d00b/healthy/index.html
Rank :52 URL :http://indian.food.com/healthy Score :24.755656132 Download Path :1f39fb079d5b87e7a9e2f75afaca51aeaac090c9c8d9a786f7e9d00b/healthy/index.html
Rank :53 URL :http://indian.food.com/healthy Score :24.755656132 Download Path :1f39fb079d5b87e7a9e2f75afaca51aeaac090c9c8d9a786f7e9d00b/healthy/index.html
Rank :54 URL :http://indian.food.com/healthy Score :24.755656132 Download Path :1f39fb079d5b87e7a9e2f75afaca51aeaac090c9c8d9a786f7e9d00b/healthy/index.html
Rank :55 URL :http://indian.food.com/healthy Score :24.755656132 Download Path :1f39fb079d5b87e7a9e2f75afaca51aeaac090c9c8d9a786f7e9d00b/healthy/index.html
Rank :56 URL :http://indian.food.com/healthy Score :24.755656132 Download Path :1f39fb079d5b87e7a9e2f75afaca51aeaac090c9c8d9a786f7e9d00b/healthy/index.html
Rank :57 URL :http://indian.food.com/healthy Score :24.755656132 Download Path :1f39fb079d5b87e7a9e2f75afaca51aeaac090c9c8d9a786f7e9d00b/healthy/index.html
Rank :58 URL :http://indian.food.com/healthy Score :24.755656132 Download Path :1f39fb079d5b87e7a9e2f75afaca51aeaac090c9c8d9a786f7e9d00b/healthy/index.html
Rank :59 URL :http://indian.food.com/popular Score :24.755656132 Download Path :1f39fb079d5b87e7a9e2f75afaca51aeaac090c9c8d9a786f7e9d00b/popular/index.html
Rank :60 URL :http://indian.food.com/quick-and-easy Score :24.755656132 Download Path :1f39fb079d5b87e7a9e2f75afaca51aeaac090c9c8d9a786f7e9d00b/quick-and-easy/index.html
Rank :61 URL :http://indian.food.com/healthy Score :24.755656132 Download Path :1f39fb079d5b87e7a9e2f75afaca51aeaac090c9c8d9a786f7e9d00b/healthy/index.html
Rank :62 URL :http://indian.food.com/healthy Score :24.755656132 Download Path :1f39fb079d5b87e7a9e2f75afaca51aeaac090c9c8d9a786f7e9d00b/healthy/index.html
Rank :63 URL :http://indian.food.com/healthy Score :24.755656132 Download Path :1f39fb079d5b87e7a9e2f75afaca51aeaac090c9c8d9a786f7e9d00b/healthy/index.html
Rank :64 URL :http://indian.food.com/quick-and-easy Score :24.755656132 Download Path :1f39fb079d5b87e7a9e2f75afaca51aeaac090c9c8d9a786f7e9d00b/quick-and-easy/index.html
Rank :65 URL :http://indian.food.com/healthy Score :24.755656132 Download Path :1f39fb079d5b87e7a9e2f75afaca51aeaac090c9c8d9a786f7e9d00b/healthy/index.html
Rank :66 URL :http://indian.food.com/healthy Score :24.755656132 Download Path :1f39fb079d5b87e7a9e2f75afaca51aeaac090c9c8d9a786f7e9d00b/healthy/index.html
Rank :67 URL :http://indian.food.com/healthy Score :24.755656132 Download Path :1f39fb079d5b87e7a9e2f75afaca51aeaac090c9c8d9a786f7e9d00b/healthy/index.html
Rank :68 URL :http://indian.food.com/healthy Score :24.755656132 Download Path :1f39fb079d5b87e7a9e2f75afaca51aeaac090c9c8d9a786f7e9d00b/healthy/index.html
Rank :69 URL :http://indian.food.com/healthy Score :24.755656132 Download Path :1f39fb079d5b87e7a9e2f75afaca51aeaac090c9c8d9a786f7e9d00b/healthy/index.html
Rank :70 URL :http://indian.food.com/healthy Score :24.755656132 Download Path :1f39fb079d5b87e7a9e2f75afaca51aeaac090c9c8d9a786f7e9d00b/healthy/index.html
Rank :71 URL :http://indian.food.com/healthy#top Score :24.755656132 Download Path :1f39fb079d5b87e7a9e2f75afaca51aeaac090c9c8d9a786f7e9d00b/healthy/index.html
Rank :72 URL :http://indian.food.com/healthy Score :24.755656132 Download Path :1f39fb079d5b87e7a9e2f75afaca51aeaac090c9c8d9a786f7e9d00b/healthy/index.html
Rank :73 URL :http://indian.food.com/healthy Score :24.755656132 Download Path :1f39fb079d5b87e7a9e2f75afaca51aeaac090c9c8d9a786f7e9d00b/healthy/index.html
Rank :74 URL :http://indian.food.com/healthy Score :24.755656132 Download Path :1f39fb079d5b87e7a9e2f75afaca51aeaac090c9c8d9a786f7e9d00b/healthy/index.html
Rank :75 URL :http://indian.food.com/healthy Score :24.755656132 Download Path :1f39fb079d5b87e7a9e2f75afaca51aeaac090c9c8d9a786f7e9d00b/healthy/index.html
Rank :76 URL :http://indian.food.com/healthy Score :24.755656132 Download Path :1f39fb079d5b87e7a9e2f75afaca51aeaac090c9c8d9a786f7e9d00b/healthy/index.html
Rank :77 URL :http://indian.food.com/healthy Score :24.755656132 Download Path :1f39fb079d5b87e7a9e2f75afaca51aeaac090c9c8d9a786f7e9d00b/healthy/index.html
Rank :78 URL :http://indian.food.com/healthy Score :24.755656132 Download Path :1f39fb079d5b87e7a9e2f75afaca51aeaac090c9c8d9a786f7e9d00b/healthy/index.html
Rank :79 URL :http://indian.food.com/healthy Score :24.755656132 Download Path :1f39fb079d5b87e7a9e2f75afaca51aeaac090c9c8d9a786f7e9d00b/healthy/index.html
Rank :80 URL :http://indian.food.com/popular Score :24.755656132 Download Path :1f39fb079d5b87e7a9e2f75afaca51aeaac090c9c8d9a786f7e9d00b/popular/index.html
Rank :81 URL :http://indian.food.com/popular Score :24.755656132 Download Path :1f39fb079d5b87e7a9e2f75afaca51aeaac090c9c8d9a786f7e9d00b/popular/index.html
Rank :82 URL :http://indian.food.com/popular Score :24.755656132 Download Path :1f39fb079d5b87e7a9e2f75afaca51aeaac090c9c8d9a786f7e9d00b/popular/index.html
Rank :83 URL :http://indian.food.com/quick-and-easy Score :24.755656132 Download Path :1f39fb079d5b87e7a9e2f75afaca51aeaac090c9c8d9a786f7e9d00b/quick-and-easy/index.html
Rank :84 URL :http://indian.food.com/healthy Score :24.755656132 Download Path :1f39fb079d5b87e7a9e2f75afaca51aeaac090c9c8d9a786f7e9d00b/healthy/index.html
Rank :85 URL :http://indian.food.com/healthy Score :24.755656132 Download Path :1f39fb079d5b87e7a9e2f75afaca51aeaac090c9c8d9a786f7e9d00b/healthy/index.html
Rank :86 URL :http://indian.food.com/healthy Score :24.755656132 Download Path :1f39fb079d5b87e7a9e2f75afaca51aeaac090c9c8d9a786f7e9d00b/healthy/index.html
Rank :87 URL :http://indian.food.com/healthy Score :24.755656132 Download Path :1f39fb079d5b87e7a9e2f75afaca51aeaac090c9c8d9a786f7e9d00b/healthy/index.html
Rank :88 URL :http://indian.food.com/healthy Score :24.755656132 Download Path :1f39fb079d5b87e7a9e2f75afaca51aeaac090c9c8d9a786f7e9d00b/healthy/index.html
Rank :89 URL :http://indian.food.com/healthy Score :24.755656132 Download Path :1f39fb079d5b87e7a9e2f75afaca51aeaac090c9c8d9a786f7e9d00b/healthy/index.html
Rank :90 URL :http://indian.food.com/quick-and-easy Score :24.755656132 Download Path :1f39fb079d5b87e7a9e2f75afaca51aeaac090c9c8d9a786f7e9d00b/quick-and-easy/index.html
Rank :91 URL :http://indian.food.com/healthy Score :24.755656132 Download Path :1f39fb079d5b87e7a9e2f75afaca51aeaac090c9c8d9a786f7e9d00b/healthy/index.html
Rank :92 URL :http://indian.food.com/healthy Score :24.755656132 Download Path :1f39fb079d5b87e7a9e2f75afaca51aeaac090c9c8d9a786f7e9d00b/healthy/index.html
Rank :93 URL :http://indian.food.com/healthy Score :24.755656132 Download Path :1f39fb079d5b87e7a9e2f75afaca51aeaac090c9c8d9a786f7e9d00b/healthy/index.html
Rank :94 URL :http://indian.food.com/healthy Score :24.755656132 Download Path :1f39fb079d5b87e7a9e2f75afaca51aeaac090c9c8d9a786f7e9d00b/healthy/index.html
Rank :95 URL :http://indian.food.com/healthy#top Score :24.755656132 Download Path :1f39fb079d5b87e7a9e2f75afaca51aeaac090c9c8d9a786f7e9d00b/healthy/index.html
Rank :96 URL :http://indian.food.com/healthy Score :24.755656132 Download Path :1f39fb079d5b87e7a9e2f75afaca51aeaac090c9c8d9a786f7e9d00b/healthy/index.html
Rank :97 URL :http://indian.food.com/healthy Score :24.755656132 Download Path :1f39fb079d5b87e7a9e2f75afaca51aeaac090c9c8d9a786f7e9d00b/healthy/index.html
Rank :98 URL :http://indian.food.com/healthy Score :24.755656132 Download Path :1f39fb079d5b87e7a9e2f75afaca51aeaac090c9c8d9a786f7e9d00b/healthy/index.html
Rank :99 URL :http://indian.food.com/quick-and-easy Score :24.755656132 Download Path :1f39fb079d5b87e7a9e2f75afaca51aeaac090c9c8d9a786f7e9d00b/quick-and-easy/index.html
Rank :100 URL :http://indian.food.com/healthy Score :24.755656132 Download Path :1f39fb079d5b87e7a9e2f75afaca51aeaac090c9c8d9a786f7e9d00b/healthy/index.html



 Total Links Found :6754
 Total Request Made :115
 Total Request Failed :0
 Total Request Failed Due to Robot :0
 Saved Content Size :7659.0 KB
 Total Time :190.738809109 seconds.
